# JRE version: Java(TM) SE Runtime Environment (8.0_91-b14) (build 1.8.0_91-b14)
# Java VM: Java HotSpot(TM) 64-Bit Server VM (25.91-b14 mixed mode linux-amd64 compressed oops)
Heap:
 PSYoungGen      total 204288K, used 128K [0x00000000ebe00000, 0x00000000f8680000, 0x0000000100000000)
  eden space 203264K, 0% used [0x00000000ebe00000,0x00000000ebe00000,0x00000000f8480000)
  from space 1024K, 12% used [0x00000000f8480000,0x00000000f84a0000,0x00000000f8580000)
  to   space 1024K, 0% used [0x00000000f8580000,0x00000000f8580000,0x00000000f8680000)
 ParOldGen       total 42496K, used 584K [0x00000000c3a00000, 0x00000000c6380000, 0x00000000ebe00000)
  object space 42496K, 1% used [0x00000000c3a00000,0x00000000c3a92060,0x00000000c6380000)
 Metaspace       used 3557K, capacity 4940K, committed 5120K, reserved 1056768K
  class space    used 372K, capacity 456K, committed 512K, reserved 1048576K
GC Heap History (10 events):
Event: 0.434 GC heap after
Heap after GC invocations=6 (full 0):
 PSYoungGen      total 64512K, used 496K [0x00000000ebe00000, 0x00000000efe00000, 0x0000000100000000)
  eden space 63488K, 0% used [0x00000000ebe00000,0x00000000ebe00000,0x00000000efc00000)
  from space 1024K, 48% used [0x00000000efd00000,0x00000000efd7c020,0x00000000efe00000)
  to   space 1024K, 0% used [0x00000000efc00000,0x00000000efc00000,0x00000000efd00000)
 ParOldGen       total 42496K, used 40K [0x00000000c3a00000, 0x00000000c6380000, 0x00000000ebe00000)
  object space 42496K, 0% used [0x00000000c3a00000,0x00000000c3a0a000,0x00000000c6380000)
 Metaspace       used 3393K, capacity 4876K, committed 5120K, reserved 1056768K
  class space    used 358K, capacity 456K, committed 512K, reserved 1048576K
}
Event: 0.528 GC heap before
{Heap before GC invocations=7 (full 0):
 PSYoungGen      total 64512K, used 63984K [0x00000000ebe00000, 0x00000000efe00000, 0x0000000100000000)
  eden space 63488K, 100% used [0x00000000ebe00000,0x00000000efc00000,0x00000000efc00000)
  from space 1024K, 48% used [0x00000000efd00000,0x00000000efd7c020,0x00000000efe00000)
  to   space 1024K, 0% used [0x00000000efc00000,0x00000000efc00000,0x00000000efd00000)
 ParOldGen       total 42496K, used 40K [0x00000000c3a00000, 0x00000000c6380000, 0x00000000ebe00000)
  object space 42496K, 0% used [0x00000000c3a00000,0x00000000c3a0a000,0x00000000c6380000)
 Metaspace       used 3393K, capacity 4876K, committed 5120K, reserved 1056768K
  class space    used 358K, capacity 456K, committed 512K, reserved 1048576K
Event: 0.530 GC heap after
Heap after GC invocations=7 (full 0):
 PSYoungGen      total 64512K, used 32K [0x00000000ebe00000, 0x00000000f3c00000, 0x0000000100000000)
  eden space 63488K, 0% used [0x00000000ebe00000,0x00000000ebe00000,0x00000000efc00000)
  from space 1024K, 3% used [0x00000000efc00000,0x00000000efc08000,0x00000000efd00000)
  to   space 1024K, 0% used [0x00000000f3b00000,0x00000000f3b00000,0x00000000f3c00000)
 ParOldGen       total 42496K, used 512K [0x00000000c3a00000, 0x00000000c6380000, 0x00000000ebe00000)
  object space 42496K, 1% used [0x00000000c3a00000,0x00000000c3a80060,0x00000000c6380000)
 Metaspace       used 3393K, capacity 4876K, committed 5120K, reserved 1056768K
  class space    used 358K, capacity 456K, committed 512K, reserved 1048576K
}
Event: 0.572 GC heap before
{Heap before GC invocations=8 (full 0):
 PSYoungGen      total 64512K, used 63520K [0x00000000ebe00000, 0x00000000f3c00000, 0x0000000100000000)
  eden space 63488K, 100% used [0x00000000ebe00000,0x00000000efc00000,0x00000000efc00000)
  from space 1024K, 3% used [0x00000000efc00000,0x00000000efc08000,0x00000000efd00000)
  to   space 1024K, 0% used [0x00000000f3b00000,0x00000000f3b00000,0x00000000f3c00000)
 ParOldGen       total 42496K, used 512K [0x00000000c3a00000, 0x00000000c6380000, 0x00000000ebe00000)
  object space 42496K, 1% used [0x00000000c3a00000,0x00000000c3a80060,0x00000000c6380000)
 Metaspace       used 3393K, capacity 4876K, committed 5120K, reserved 1056768K
  class space    used 358K, capacity 456K, committed 512K, reserved 1048576K
Event: 0.576 GC heap after
Heap after GC invocations=8 (full 0):
 PSYoungGen      total 128000K, used 96K [0x00000000ebe00000, 0x00000000f3c00000, 0x0000000100000000)
  eden space 126976K, 0% used [0x00000000ebe00000,0x00000000ebe00000,0x00000000f3a00000)
  from space 1024K, 9% used [0x00000000f3b00000,0x00000000f3b18000,0x00000000f3c00000)
  to   space 1024K, 0% used [0x00000000f3a00000,0x00000000f3a00000,0x00000000f3b00000)
 ParOldGen       total 42496K, used 520K [0x00000000c3a00000, 0x00000000c6380000, 0x00000000ebe00000)
  object space 42496K, 1% used [0x00000000c3a00000,0x00000000c3a82060,0x00000000c6380000)
 Metaspace       used 3393K, capacity 4876K, committed 5120K, reserved 1056768K
  class space    used 358K, capacity 456K, committed 512K, reserved 1048576K
}
Event: 2.402 GC heap before
{Heap before GC invocations=9 (full 0):
 PSYoungGen      total 128000K, used 127072K [0x00000000ebe00000, 0x00000000f3c00000, 0x0000000100000000)
  eden space 126976K, 100% used [0x00000000ebe00000,0x00000000f3a00000,0x00000000f3a00000)
  from space 1024K, 9% used [0x00000000f3b00000,0x00000000f3b18000,0x00000000f3c00000)
  to   space 1024K, 0% used [0x00000000f3a00000,0x00000000f3a00000,0x00000000f3b00000)
 ParOldGen       total 42496K, used 520K [0x00000000c3a00000, 0x00000000c6380000, 0x00000000ebe00000)
  object space 42496K, 1% used [0x00000000c3a00000,0x00000000c3a82060,0x00000000c6380000)
 Metaspace       used 3394K, capacity 4876K, committed 5120K, reserved 1056768K
  class space    used 358K, capacity 456K, committed 512K, reserved 1048576K
Event: 2.402 GC heap after
Heap after GC invocations=9 (full 0):
 PSYoungGen      total 128000K, used 64K [0x00000000ebe00000, 0x00000000f8680000, 0x0000000100000000)
  eden space 126976K, 0% used [0x00000000ebe00000,0x00000000ebe00000,0x00000000f3a00000)
  from space 1024K, 6% used [0x00000000f3a00000,0x00000000f3a10000,0x00000000f3b00000)
  to   space 1024K, 0% used [0x00000000f8580000,0x00000000f8580000,0x00000000f8680000)
 ParOldGen       total 42496K, used 520K [0x00000000c3a00000, 0x00000000c6380000, 0x00000000ebe00000)
  object space 42496K, 1% used [0x00000000c3a00000,0x00000000c3a82060,0x00000000c6380000)
 Metaspace       used 3394K, capacity 4876K, committed 5120K, reserved 1056768K
  class space    used 358K, capacity 456K, committed 512K, reserved 1048576K
}
Event: 3.396 GC heap before
{Heap before GC invocations=10 (full 0):
 PSYoungGen      total 128000K, used 127040K [0x00000000ebe00000, 0x00000000f8680000, 0x0000000100000000)
  eden space 126976K, 100% used [0x00000000ebe00000,0x00000000f3a00000,0x00000000f3a00000)
  from space 1024K, 6% used [0x00000000f3a00000,0x00000000f3a10000,0x00000000f3b00000)
  to   space 1024K, 0% used [0x00000000f8580000,0x00000000f8580000,0x00000000f8680000)
 ParOldGen       total 42496K, used 520K [0x00000000c3a00000, 0x00000000c6380000, 0x00000000ebe00000)
  object space 42496K, 1% used [0x00000000c3a00000,0x00000000c3a82060,0x00000000c6380000)
 Metaspace       used 3555K, capacity 4940K, committed 5120K, reserved 1056768K
  class space    used 371K, capacity 456K, committed 512K, reserved 1048576K
Event: 3.496 GC heap after
Heap after GC invocations=10 (full 0):
 PSYoungGen      total 204288K, used 160K [0x00000000ebe00000, 0x00000000f8680000, 0x0000000100000000)
  eden space 203264K, 0% used [0x00000000ebe00000,0x00000000ebe00000,0x00000000f8480000)
  from space 1024K, 15% used [0x00000000f8580000,0x00000000f85a8000,0x00000000f8680000)
  to   space 1024K, 0% used [0x00000000f8480000,0x00000000f8480000,0x00000000f8580000)
 ParOldGen       total 42496K, used 536K [0x00000000c3a00000, 0x00000000c6380000, 0x00000000ebe00000)
  object space 42496K, 1% used [0x00000000c3a00000,0x00000000c3a86060,0x00000000c6380000)
 Metaspace       used 3555K, capacity 4940K, committed 5120K, reserved 1056768K
  class space    used 371K, capacity 456K, committed 512K, reserved 1048576K
}
Event: 1008.400 GC heap before
{Heap before GC invocations=11 (full 0):
 PSYoungGen      total 204288K, used 203424K [0x00000000ebe00000, 0x00000000f8680000, 0x0000000100000000)
  eden space 203264K, 100% used [0x00000000ebe00000,0x00000000f8480000,0x00000000f8480000)
  from space 1024K, 15% used [0x00000000f8580000,0x00000000f85a8000,0x00000000f8680000)
  to   space 1024K, 0% used [0x00000000f8480000,0x00000000f8480000,0x00000000f8580000)
 ParOldGen       total 42496K, used 536K [0x00000000c3a00000, 0x00000000c6380000, 0x00000000ebe00000)
  object space 42496K, 1% used [0x00000000c3a00000,0x00000000c3a86060,0x00000000c6380000)
 Metaspace       used 3557K, capacity 4940K, committed 5120K, reserved 1056768K
  class space    used 372K, capacity 456K, committed 512K, reserved 1048576K

